4 categories x 43 locations = 172 Maps searches (limit 50 each)
Heads up: that's a big run — expect roughly 114 or more minutes for the Maps stage alone.

[1/172] Location 1/43: New York — category 1/4: interior designers
  scraped 50 listings
  (3 already seen under an earlier search)

[2/172] Location 1/43: New York — category 2/4: dentists
  scraped 50 listings
  (4 already seen under an earlier search)

[3/172] Location 1/43: New York — category 3/4: law firms
  scraped 50 listings
  (6 already seen under an earlier search)

[4/172] Location 1/43: New York — category 4/4: restaurants
  scraped 50 listings
  (3 already seen under an earlier search)

[5/172] Location 2/43: Los Angeles — category 1/4: interior designers
  scraped 50 listings
  (3 already seen under an earlier search)

[6/172] Location 2/43: Los Angeles — category 2/4: dentists
  scraped 50 listings
  (6 already seen under an earlier search)

[7/172] Location 2/43: Los Angeles — category 3/4: law firms
  scraped 50 listings
  (4 already seen under an earlier search)

[8/172] Location 2/43: Los Angeles — category 4/4: restaurants
  scraped 50 listings
  (6 already seen under an earlier search)

[9/172] Location 3/43: Chicago — category 1/4: interior designers
  scraped 50 listings
  (6 already seen under an earlier search)

[10/172] Location 3/43: Chicago — category 2/4: dentists
  scraped 50 listings
  (8 already seen under an earlier search)

[11/172] Location 3/43: Chicago — category 3/4: law firms
  scraped 50 listings
  (5 already seen under an earlier search)

[12/172] Location 3/43: Chicago — category 4/4: restaurants
  scraped 50 listings
  (6 already seen under an earlier search)

[13/172] Location 4/43: Houston — category 1/4: interior designers
  scraped 50 listings
  (8 already seen under an earlier search)

[14/172] Location 4/43: Houston — category 2/4: dentists
  scraped 50 listings
  (8 already seen under an earlier search)

[15/172] Location 4/43: Houston — category 3/4: law firms
  scraped 50 listings
  (8 already seen under an earlier search)

[16/172] Location 4/43: Houston — category 4/4: restaurants
  scraped 50 listings
  (3 already seen under an earlier search)

[17/172] Location 5/43: Toronto — category 1/4: interior designers
  scraped 50 listings
  (6 already seen under an earlier search)

[18/172] Location 5/43: Toronto — category 2/4: dentists
  scraped 50 listings
  (8 already seen under an earlier search)

[19/172] Location 5/43: Toronto — category 3/4: law firms
  scraped 50 listings
  (6 already seen under an earlier search)

[20/172] Location 5/43: Toronto — category 4/4: restaurants
  scraped 50 listings
  (9 already seen under an earlier search)

[21/172] Location 6/43: Vancouver — category 1/4: interior designers
  scraped 50 listings
  (4 already seen under an earlier search)

[22/172] Location 6/43: Vancouver — category 2/4: dentists
  scraped 50 listings
  (6 already seen under an earlier search)

[23/172] Location 6/43: Vancouver — category 3/4: law firms
  scraped 50 listings
  (7 already seen under an earlier search)

[24/172] Location 6/43: Vancouver — category 4/4: restaurants
  scraped 50 listings
  (4 already seen under an earlier search)

[25/172] Location 7/43: Mexico City — category 1/4: interior designers
  scraped 22 listings
  (2 already seen under an earlier search)

[26/172] Location 7/43: Mexico City — category 2/4: dentists
  scraped 50 listings
  (2 already seen under an earlier search)

[27/172] Location 7/43: Mexico City — category 3/4: law firms
  scraped 50 listings
  (7 already seen under an earlier search)

[28/172] Location 7/43: Mexico City — category 4/4: restaurants
  scraped 50 listings
  (5 already seen under an earlier search)

[29/172] Location 8/43: Sao Paulo — category 1/4: interior designers
  scraped 50 listings
  (6 already seen under an earlier search)

[30/172] Location 8/43: Sao Paulo — category 2/4: dentists
  scraped 50 listings
  (8 already seen under an earlier search)

[31/172] Location 8/43: Sao Paulo — category 3/4: law firms
  scraped 50 listings
  (5 already seen under an earlier search)

[32/172] Location 8/43: Sao Paulo — category 4/4: restaurants
  scraped 50 listings
  (8 already seen under an earlier search)

[33/172] Location 9/43: Buenos Aires — category 1/4: interior designers
  scraped 50 listings
  (7 already seen under an earlier search)

[34/172] Location 9/43: Buenos Aires — category 2/4: dentists
  scraped 50 listings
  (7 already seen under an earlier search)

[35/172] Location 9/43: Buenos Aires — category 3/4: law firms
  scraped 50 listings
  (8 already seen under an earlier search)

[36/172] Location 9/43: Buenos Aires — category 4/4: restaurants
  scraped 50 listings
  (8 already seen under an earlier search)

[37/172] Location 10/43: Bogota — category 1/4: interior designers
  scraped 50 listings
  (5 already seen under an earlier search)

[38/172] Location 10/43: Bogota — category 2/4: dentists
  scraped 50 listings
  (5 already seen under an earlier search)

[39/172] Location 10/43: Bogota — category 3/4: law firms
  scraped 50 listings
  (8 already seen under an earlier search)

[40/172] Location 10/43: Bogota — category 4/4: restaurants
  scraped 50 listings
  (9 already seen under an earlier search)

[41/172] Location 11/43: Lima — category 1/4: interior designers
  scraped 50 listings
  (5 already seen under an earlier search)

[42/172] Location 11/43: Lima — category 2/4: dentists
  scraped 50 listings
  (9 already seen under an earlier search)

[43/172] Location 11/43: Lima — category 3/4: law firms
  scraped 50 listings
  (9 already seen under an earlier search)

[44/172] Location 11/43: Lima — category 4/4: restaurants
  scraped 50 listings
  (8 already seen under an earlier search)

[45/172] Location 12/43: Santiago — category 1/4: interior designers
  scraped 50 listings
  (9 already seen under an earlier search)

[46/172] Location 12/43: Santiago — category 2/4: dentists
  scraped 50 listings
  (8 already seen under an earlier search)

[47/172] Location 12/43: Santiago — category 3/4: law firms
  scraped 50 listings
  (7 already seen under an earlier search)

[48/172] Location 12/43: Santiago — category 4/4: restaurants
  scraped 50 listings
  (6 already seen under an earlier search)

[49/172] Location 13/43: London — category 1/4: interior designers
  scraped 50 listings
  (8 already seen under an earlier search)

[50/172] Location 13/43: London — category 2/4: dentists
  scraped 50 listings
  (5 already seen under an earlier search)

[51/172] Location 13/43: London — category 3/4: law firms
  scraped 50 listings
  (6 already seen under an earlier search)

[52/172] Location 13/43: London — category 4/4: restaurants
  scraped 50 listings
  (4 already seen under an earlier search)

[53/172] Location 14/43: Paris — category 1/4: interior designers
  scraped 50 listings
  (5 already seen under an earlier search)

[54/172] Location 14/43: Paris — category 2/4: dentists
  scraped 50 listings
  (5 already seen under an earlier search)

[55/172] Location 14/43: Paris — category 3/4: law firms
  scraped 50 listings
  (2 already seen under an earlier search)

[56/172] Location 14/43: Paris — category 4/4: restaurants
  scraped 50 listings
  (5 already seen under an earlier search)

[57/172] Location 15/43: Berlin — category 1/4: interior designers
  scraped 50 listings
  (5 already seen under an earlier search)

[58/172] Location 15/43: Berlin — category 2/4: dentists
  scraped 50 listings
  (6 already seen under an earlier search)

[59/172] Location 15/43: Berlin — category 3/4: law firms
  scraped 50 listings
  (6 already seen under an earlier search)

[60/172] Location 15/43: Berlin — category 4/4: restaurants
  scraped 50 listings
  (7 already seen under an earlier search)

[61/172] Location 16/43: Madrid — category 1/4: interior designers
  scraped 50 listings
  (9 already seen under an earlier search)

[62/172] Location 16/43: Madrid — category 2/4: dentists
  scraped 50 listings
  (4 already seen under an earlier search)

[63/172] Location 16/43: Madrid — category 3/4: law firms
  scraped 50 listings
  (8 already seen under an earlier search)

[64/172] Location 16/43: Madrid — category 4/4: restaurants
  scraped 50 listings
  (4 already seen under an earlier search)

[65/172] Location 17/43: Rome — category 1/4: interior designers
  scraped 50 listings
  (7 already seen under an earlier search)

[66/172] Location 17/43: Rome — category 2/4: dentists
  scraped 50 listings
  (7 already seen under an earlier search)

[67/172] Location 17/43: Rome — category 3/4: law firms
  scraped 50 listings
  (11 already seen under an earlier search)

[68/172] Location 17/43: Rome — category 4/4: restaurants
  scraped 50 listings
  (3 already seen under an earlier search)

[69/172] Location 18/43: Amsterdam — category 1/4: interior designers
  scraped 50 listings
  (7 already seen under an earlier search)

[70/172] Location 18/43: Amsterdam — category 2/4: dentists
  scraped 50 listings
  (6 already seen under an earlier search)

[71/172] Location 18/43: Amsterdam — category 3/4: law firms
  scraped 50 listings
  (8 already seen under an earlier search)

[72/172] Location 18/43: Amsterdam — category 4/4: restaurants
  scraped 50 listings
  (7 already seen under an earlier search)

[73/172] Location 19/43: Vienna — category 1/4: interior designers
  scraped 50 listings
  (5 already seen under an earlier search)

[74/172] Location 19/43: Vienna — category 2/4: dentists
  scraped 50 listings
  (5 already seen under an earlier search)

[75/172] Location 19/43: Vienna — category 3/4: law firms
  scraped 50 listings
  (11 already seen under an earlier search)

[76/172] Location 19/43: Vienna — category 4/4: restaurants
  scraped 50 listings
  (6 already seen under an earlier search)

[77/172] Location 20/43: Warsaw — category 1/4: interior designers
  scraped 50 listings
  (6 already seen under an earlier search)

[78/172] Location 20/43: Warsaw — category 2/4: dentists
  scraped 50 listings
  (3 already seen under an earlier search)

[79/172] Location 20/43: Warsaw — category 3/4: law firms
  scraped 50 listings
  (7 already seen under an earlier search)

[80/172] Location 20/43: Warsaw — category 4/4: restaurants
  scraped 50 listings
  (6 already seen under an earlier search)

[81/172] Location 21/43: Stockholm — category 1/4: interior designers
  scraped 50 listings
  (6 already seen under an earlier search)

[82/172] Location 21/43: Stockholm — category 2/4: dentists
  scraped 50 listings
  (5 already seen under an earlier search)

[83/172] Location 21/43: Stockholm — category 3/4: law firms
  scraped 50 listings
  (6 already seen under an earlier search)

[84/172] Location 21/43: Stockholm — category 4/4: restaurants
  scraped 50 listings
  (8 already seen under an earlier search)

[85/172] Location 22/43: Istanbul — category 1/4: interior designers
  scraped 50 listings
  (5 already seen under an earlier search)

[86/172] Location 22/43: Istanbul — category 2/4: dentists
  scraped 50 listings
  (3 already seen under an earlier search)

[87/172] Location 22/43: Istanbul — category 3/4: law firms
  scraped 50 listings
  (3 already seen under an earlier search)

[88/172] Location 22/43: Istanbul — category 4/4: restaurants
  scraped 50 listings
  (4 already seen under an earlier search)

[89/172] Location 23/43: Cairo — category 1/4: interior designers
  scraped 50 listings
  (6 already seen under an earlier search)

[90/172] Location 23/43: Cairo — category 2/4: dentists
  scraped 50 listings
  (9 already seen under an earlier search)

[91/172] Location 23/43: Cairo — category 3/4: law firms
  scraped 50 listings
  (6 already seen under an earlier search)

[92/172] Location 23/43: Cairo — category 4/4: restaurants
  scraped 50 listings
  (4 already seen under an earlier search)

[93/172] Location 24/43: Lagos — category 1/4: interior designers
  scraped 50 listings
  (3 already seen under an earlier search)

[94/172] Location 24/43: Lagos — category 2/4: dentists
  scraped 50 listings
  (5 already seen under an earlier search)

[95/172] Location 24/43: Lagos — category 3/4: law firms
  scraped 50 listings
  (5 already seen under an earlier search)

[96/172] Location 24/43: Lagos — category 4/4: restaurants
  scraped 50 listings
  (10 already seen under an earlier search)

[97/172] Location 25/43: Nairobi — category 1/4: interior designers
  scraped 50 listings
  (3 already seen under an earlier search)

[98/172] Location 25/43: Nairobi — category 2/4: dentists
  scraped 50 listings
  (7 already seen under an earlier search)

[99/172] Location 25/43: Nairobi — category 3/4: law firms
  scraped 50 listings
  (3 already seen under an earlier search)

[100/172] Location 25/43: Nairobi — category 4/4: restaurants
  scraped 50 listings
  (7 already seen under an earlier search)

[101/172] Location 26/43: Johannesburg — category 1/4: interior designers
  scraped 50 listings
  (5 already seen under an earlier search)

[102/172] Location 26/43: Johannesburg — category 2/4: dentists
  scraped 50 listings
  (6 already seen under an earlier search)

[103/172] Location 26/43: Johannesburg — category 3/4: law firms
  scraped 50 listings
  (4 already seen under an earlier search)

[104/172] Location 26/43: Johannesburg — category 4/4: restaurants
  scraped 50 listings
  (10 already seen under an earlier search)

[105/172] Location 27/43: Casablanca — category 1/4: interior designers
  scraped 50 listings
  (3 already seen under an earlier search)

[106/172] Location 27/43: Casablanca — category 2/4: dentists
  scraped 50 listings
  (10 already seen under an earlier search)

[107/172] Location 27/43: Casablanca — category 3/4: law firms
  scraped 50 listings
  (6 already seen under an earlier search)

[108/172] Location 27/43: Casablanca — category 4/4: restaurants
  scraped 50 listings
  (3 already seen under an earlier search)

[109/172] Location 28/43: Mumbai — category 1/4: interior designers
  scraped 50 listings
  (2 already seen under an earlier search)

[110/172] Location 28/43: Mumbai — category 2/4: dentists
  scraped 50 listings
  (5 already seen under an earlier search)

[111/172] Location 28/43: Mumbai — category 3/4: law firms
  scraped 50 listings
  (3 already seen under an earlier search)

[112/172] Location 28/43: Mumbai — category 4/4: restaurants
  scraped 50 listings
  (6 already seen under an earlier search)

[113/172] Location 29/43: Delhi — category 1/4: interior designers
  scraped 50 listings
  (2 already seen under an earlier search)

[114/172] Location 29/43: Delhi — category 2/4: dentists
  scraped 50 listings
  (5 already seen under an earlier search)

[115/172] Location 29/43: Delhi — category 3/4: law firms
  scraped 50 listings
  (6 already seen under an earlier search)

[116/172] Location 29/43: Delhi — category 4/4: restaurants
  scraped 50 listings
  (8 already seen under an earlier search)

[117/172] Location 30/43: Bangalore — category 1/4: interior designers
  scraped 50 listings
  (8 already seen under an earlier search)

[118/172] Location 30/43: Bangalore — category 2/4: dentists
  scraped 50 listings
  (5 already seen under an earlier search)

[119/172] Location 30/43: Bangalore — category 3/4: law firms
  scraped 50 listings
  (8 already seen under an earlier search)

[120/172] Location 30/43: Bangalore — category 4/4: restaurants
  scraped 20 listings

[121/172] Location 31/43: Dubai — category 1/4: interior designers
  scraped 50 listings
  (8 already seen under an earlier search)

[122/172] Location 31/43: Dubai — category 2/4: dentists
  scraped 50 listings
  (4 already seen under an earlier search)

[123/172] Location 31/43: Dubai — category 3/4: law firms
  scraped 50 listings
  (7 already seen under an earlier search)

[124/172] Location 31/43: Dubai — category 4/4: restaurants
  scraped 50 listings
  (7 already seen under an earlier search)

[125/172] Location 32/43: Riyadh — category 1/4: interior designers
  scraped 34 listings
  (6 already seen under an earlier search)

[126/172] Location 32/43: Riyadh — category 2/4: dentists
  scraped 50 listings
  (5 already seen under an earlier search)

[127/172] Location 32/43: Riyadh — category 3/4: law firms
  scraped 50 listings
  (4 already seen under an earlier search)

[128/172] Location 32/43: Riyadh — category 4/4: restaurants
  scraped 50 listings
  (1 already seen under an earlier search)

[129/172] Location 33/43: Singapore — category 1/4: interior designers
  scraped 50 listings
  (8 already seen under an earlier search)

[130/172] Location 33/43: Singapore — category 2/4: dentists
  scraped 50 listings
  (9 already seen under an earlier search)

[131/172] Location 33/43: Singapore — category 3/4: law firms
  scraped 50 listings
  (7 already seen under an earlier search)

[132/172] Location 33/43: Singapore — category 4/4: restaurants
  scraped 50 listings
  (8 already seen under an earlier search)

[133/172] Location 34/43: Bangkok — category 1/4: interior designers
  scraped 35 listings
  (4 already seen under an earlier search)

[134/172] Location 34/43: Bangkok — category 2/4: dentists
  scraped 50 listings
  (9 already seen under an earlier search)

[135/172] Location 34/43: Bangkok — category 3/4: law firms
  scraped 50 listings
  (6 already seen under an earlier search)

[136/172] Location 34/43: Bangkok — category 4/4: restaurants
  scraped 50 listings
  (6 already seen under an earlier search)

[137/172] Location 35/43: Jakarta — category 1/4: interior designers
  scraped 50 listings
  (4 already seen under an earlier search)

[138/172] Location 35/43: Jakarta — category 2/4: dentists
  scraped 50 listings
  (5 already seen under an earlier search)

[139/172] Location 35/43: Jakarta — category 3/4: law firms
  scraped 50 listings
  (3 already seen under an earlier search)

[140/172] Location 35/43: Jakarta — category 4/4: restaurants
  scraped 50 listings
  (5 already seen under an earlier search)

[141/172] Location 36/43: Manila — category 1/4: interior designers
  scraped 50 listings
  (5 already seen under an earlier search)

[142/172] Location 36/43: Manila — category 2/4: dentists
  scraped 50 listings
  (11 already seen under an earlier search)

[143/172] Location 36/43: Manila — category 3/4: law firms
  scraped 50 listings
  (5 already seen under an earlier search)

[144/172] Location 36/43: Manila — category 4/4: restaurants
  scraped 50 listings
  (3 already seen under an earlier search)

[145/172] Location 37/43: Kuala Lumpur — category 1/4: interior designers
  scraped 50 listings
  (5 already seen under an earlier search)

[146/172] Location 37/43: Kuala Lumpur — category 2/4: dentists
  scraped 50 listings
  (9 already seen under an earlier search)

[147/172] Location 37/43: Kuala Lumpur — category 3/4: law firms
  scraped 50 listings
  (8 already seen under an earlier search)

[148/172] Location 37/43: Kuala Lumpur — category 4/4: restaurants
  scraped 50 listings
  (6 already seen under an earlier search)

[149/172] Location 38/43: Hong Kong — category 1/4: interior designers
  scraped 50 listings
  (4 already seen under an earlier search)

[150/172] Location 38/43: Hong Kong — category 2/4: dentists
  scraped 50 listings
  (5 already seen under an earlier search)

[151/172] Location 38/43: Hong Kong — category 3/4: law firms
  scraped 50 listings
  (5 already seen under an earlier search)

[152/172] Location 38/43: Hong Kong — category 4/4: restaurants
  scraped 50 listings
  (9 already seen under an earlier search)

[153/172] Location 39/43: Tokyo — category 1/4: interior designers
  scraped 50 listings
  (5 already seen under an earlier search)

[154/172] Location 39/43: Tokyo — category 2/4: dentists
  scraped 20 listings

[155/172] Location 39/43: Tokyo — category 3/4: law firms
  scraped 50 listings
  (6 already seen under an earlier search)

[156/172] Location 39/43: Tokyo — category 4/4: restaurants
  scraped 20 listings

[157/172] Location 40/43: Seoul — category 1/4: interior designers
  scraped 20 listings

[158/172] Location 40/43: Seoul — category 2/4: dentists
  scraped 50 listings
  (4 already seen under an earlier search)

[159/172] Location 40/43: Seoul — category 3/4: law firms
  scraped 27 listings
  (4 already seen under an earlier search)

[160/172] Location 40/43: Seoul — category 4/4: restaurants
  scraped 50 listings
  (2 already seen under an earlier search)

[161/172] Location 41/43: Sydney — category 1/4: interior designers
  scraped 50 listings
  (4 already seen under an earlier search)

[162/172] Location 41/43: Sydney — category 2/4: dentists
  scraped 50 listings
  (3 already seen under an earlier search)

[163/172] Location 41/43: Sydney — category 3/4: law firms
  scraped 50 listings
  (3 already seen under an earlier search)

[164/172] Location 41/43: Sydney — category 4/4: restaurants
  scraped 50 listings
  (5 already seen under an earlier search)

[165/172] Location 42/43: Melbourne — category 1/4: interior designers
  scraped 50 listings
  (4 already seen under an earlier search)

[166/172] Location 42/43: Melbourne — category 2/4: dentists
  scraped 50 listings
  (5 already seen under an earlier search)

[167/172] Location 42/43: Melbourne — category 3/4: law firms
  scraped 50 listings
  (7 already seen under an earlier search)

[168/172] Location 42/43: Melbourne — category 4/4: restaurants
  scraped 50 listings
  (8 already seen under an earlier search)

[169/172] Location 43/43: Auckland — category 1/4: interior designers
  scraped 50 listings
  (4 already seen under an earlier search)

[170/172] Location 43/43: Auckland — category 2/4: dentists
  scraped 50 listings
  (9 already seen under an earlier search)

[171/172] Location 43/43: Auckland — category 3/4: law firms
  scraped 50 listings
  (4 already seen under an earlier search)

[172/172] Location 43/43: Auckland — category 4/4: restaurants
  scraped 50 listings
  (8 already seen under an earlier search)

Total unique listings: 7417 (4331 have a website)
Fetching 4331 websites with 5 workers…
  Checking site 1/4331: Jensen & Co. | Interior Designers NYC
  Checking site 2/4331: Affordable Interior Design by Uploft -> 1 email(s)
  Checking site 3/4331: Beyond Modern Interiors -> 1 email(s)
  Checking site 4/4331: Betty Wasserman Art & Interiors
  Checking site 5/4331: Decorilla -> 1 email(s)
  Checking site 6/4331: Arsight Studio | Interior Designers in NYC -> 4 email(s)
  Checking site 7/4331: NYC Interior Design ®
  Checking site 8/4331: AXIS MUNDI Interior Designers NYC -> 1 email(s)
  Checking site 9/4331: Tara Benet Design -> 1 email(s)
  Checking site 10/4331: Kati Curtis Design / NYC Interior Designers
  Checking site 11/4331: Glenn Gissler Design
  Checking site 12/4331: Charlie's Designs LLC -> 1 email(s)
  Checking site 13/4331: DHD Architecture & Interior Design -> 2 email(s)
  Checking site 14/4331: James Rixner - New York Interior Designer -> 1 email(s)
  Checking site 15/4331: Crafted Interiors Design + Build / Easton Grey Studio -> 2 email(s)
  Checking site 16/4331: Maxine Shriber Interior Design New York -> 1 email(s)
  Checking site 17/4331: Champalimaud Design -> 1 email(s)
  Checking site 18/4331: darci hether new york -> 1 email(s)
  Checking site 19/4331: Sawyer & Company - NYC Interior Design Firm -> 1 email(s)
  Checking site 20/4331: ImPERFECTION DESIGN – Architectural Exterior & Interior design.
  Checking site 21/4331: California Closets - New York, NY -> 1 email(s)
  Checking site 22/4331: DreamRose Design
  Checking site 23/4331: The Turett Collaborative : Architects & Interior Designers -> 2 email(s)
  Checking site 24/4331: 2MO Studio -> 1 email(s)
  Checking site 25/4331: Inson Dubois Wood LLC -> 1 email(s)
  Checking site 26/4331: Roger de Cabrol Interior Design Inc.
  Checking site 27/4331: ALine Studio -> 1 email(s)
  Checking site 28/4331: West Chin Architects & Interior Designers -> 1 email(s)
  Checking site 29/4331: ODA -> 5 email(s)
  Checking site 30/4331: Whitehall Interiors -> 4 email(s)
  Checking site 31/4331: AvroKO Design -> 5 email(s)
  Checking site 32/4331: Ovadia Design Group -> 2 email(s)
  Checking site 33/4331: NYC Modern Home -> 1 email(s)
  Checking site 34/4331: IA | Interior Architects -> 3 email(s)
  Checking site 35/4331: HUXHUX Design Inc. -> 3 email(s)
  Checking site 36/4331: GRADE Architecture + Interior Design
  Checking site 37/4331: BEHINTERIORS -> 2 email(s)
  Checking site 38/4331: Yabu Pushelberg
  Checking site 39/4331: Ghislaine Viñas, LLC -> 6 email(s)
  Checking site 40/4331: Dimension NY -> 1 email(s)
  Checking site 41/4331: Elaine Santos Design -> 2 email(s)
  Checking site 42/4331: Dom Interiors
  Checking site 43/4331: Veronique Cotrel Interior Designer New York -> 3 email(s)
  Checking site 44/4331: Lillian Wu Studio
  Checking site 45/4331: The Law Offices of Michael S. Lamonsoff, PLLC
  Checking site 46/4331: Raphaelson & Levine Law Firm, P.C.
  Checking site 47/4331: The Rothenberg Law Firm Accident And Injury Lawyers
  Checking site 48/4331: Pardalis and Nohavicka Lawyers
  Checking site 49/4331: ILGANAYEV LAW FIRM, PLLC -> 1 email(s)
  Checking site 50/4331: Cohan Law Firm - New York City Injury & Accident Lawyer
  Checking site 51/4331: Romano Law
  Checking site 52/4331: Phillips & Associates | Sexual Harassment, Discrimination, & Employment Lawyers
  Checking site 53/4331: Kimmel & Silverman, P.C., New York Lemon Law Firm
  Checking site 54/4331: Hansen & Rosasco, LLP
  Checking site 55/4331: The Shapiro Law Firm, LLC
  Checking site 56/4331: NYIS Law Firm
  Checking site 57/4331: Samuel Law Firm -> 1 email(s)
  Checking site 58/4331: Spodek Law Group P.C. - Manhattan Office
  Checking site 59/4331: Law Office of Biana Borukhovich, PLLC - Fashion Lawyer NYC - Trademark Attorney New York -> 1 email(s)
  Checking site 60/4331: Dilendorf Law Firm PLLC -> 1 email(s)
  Checking site 61/4331: Shapiro Legal Group PLLC
  Checking site 62/4331: Thomas Law Firm PLLC
  Checking site 63/4331: Morelli Law Firm
  Checking site 64/4331: Pierce & Kwok LLP -> 1 email(s)
  Checking site 65/4331: Morgan Legal Group I Estate Planning & Probate Attorney New York City -> 1 email(s)
  Checking site 66/4331: The Platta Law Firm
  Checking site 67/4331: Mark E. Seitelman Law Offices - Accident & Injury Attorneys -> 14 email(s)
  Checking site 68/4331: Law Offices of Robert Tsigler, PLLC
  Checking site 69/4331: Avenue Law Firm -> 1 email(s)
  Checking site 70/4331: Jia Law Group, P.C. -> 1 email(s)
  Checking site 71/4331: NYC Injury Attorneys P.C. -> 1 email(s)
  Checking site 72/4331: Koch Law, PLLC
  Checking site 73/4331: Mekhtiyev Law Firm, P.C. -> 1 email(s)
  Checking site 74/4331: Zeng Law Group, PLLC -> 1 email(s)
  Checking site 75/4331: Derek Smith Law Group, PLLC -> 1 email(s)
  Checking site 76/4331: Ginarte Gonzalez & Winograd, LLP
  Checking site 77/4331: James J. DeCristofaro
  Checking site 78/4331: The Law Office of Paul D. Petrus, Jr. -> 3 email(s)
  Checking site 79/4331: The Law Firm of Dmitriy Shakhnevich PLLC -> 1 email(s)
  Checking site 80/4331: Pitcoff Law Group, PC
  Checking site 81/4331: Rosenberg, Minc, Falkoff & Wolff, LLP
  Checking site 82/4331: The Law Offices of Eric Richman -> 1 email(s)
  Checking site 83/4331: Richman Law Firm PLLC
  Checking site 84/4331: The Ward Law Group, PLLC
  Checking site 85/4331: JAC INTERIORS -> 1 email(s)
  Checking site 86/4331: Kulen Law Firm P.C. -> 2 email(s)
  Checking site 87/4331: Joseph & Norinsberg - NYC Sexual Harassment & Employment Discrimination Lawyers -> 1 email(s)
  Checking site 88/4331: Beverly Hills Luxury Interiors, LLC -> 1 email(s)
  Checking site 89/4331: Tower Design Interiors + Art – Top Luxury Interior Designers in Los Angeles -> 1 email(s)
  Checking site 90/4331: Anna Design
  Checking site 91/4331: Claudia Afshar Design -> 1 email(s)
  Checking site 92/4331: Sweet Design Studio -> 3 email(s)
  Checking site 93/4331: B. David Levine -> 1 email(s)
  Checking site 94/4331: Marbé Designs, Inc. | Luxury Interior Design Studio | Architecturally-Inspired Interiors | Los Angeles -> 1 email(s)
  Checking site 95/4331: Romanek Design Studio -> 3 email(s)
  Checking site 96/4331: DG Home | Luxury Staging - Highly Expert Stagers Los Angeles
  Checking site 97/4331: Vidal Design Collaborative -> 3 email(s)
  Checking site 98/4331: Interior Design Eddie Mickenberg -> 1 email(s)
  Checking site 99/4331: Avenue Interior Design -> 1 email(s)
  Checking site 100/4331: Ashleigh Underwood Design -> 1 email(s)
  Checking site 101/4331: Sandra Costa Design Group -> 1 email(s)
  Checking site 102/4331: Lisa Merkle Design -> 1 email(s)
  Checking site 103/4331: AR Interiors -> 1 email(s)
  Checking site 104/4331: Magali Sonterre Interior Design Los Angeles -> 1 email(s)
  Checking site 105/4331: Donna Livingston Design -> 1 email(s)
  Checking site 106/4331: PIDA Interior Design Solutions -> 1 email(s)
  Checking site 107/4331: JOJO DESIGN STUDIO -> 1 email(s)
  Checking site 108/4331: Reath Design -> 2 email(s)
  Checking site 109/4331: Eco Method Interiors
  Checking site 110/4331: Annette English Interior Design -> 3 email(s)
  Checking site 111/4331: Jared Frank Studio -> 1 email(s)
  Checking site 112/4331: Studio Murnane – Brand, Architecture, and Interior Design -> 3 email(s)
  Checking site 113/4331: Ciel Interiors Design Los Angeles -> 1 email(s)
  Checking site 114/4331: MI Design, Inc. -> 1 email(s)
  Checking site 115/4331: Karamia Designs -> 1 email(s)
  Checking site 116/4331: Image Interiors LA -> 1 email(s)
  Checking site 117/4331: JL Interiors -> 1 email(s)
  Checking site 118/4331: Level 3 Design Group
  Checking site 119/4331: Wirt Design Group Inc -> 1 email(s)
  Checking site 120/4331: RM Interior Design - Interior Designer In Beverly Hills -> 1 email(s)
  Checking site 121/4331: DM INTERIOR DESIGN STUDIO
  Checking site 122/4331: Give Me Shelter Design, Inc. -> 1 email(s)
  Checking site 123/4331: David Netto -> 1 email(s)
  Checking site 124/4331: Welch Design Studio - Los Angeles Architectural and Interior Design Firm
  Checking site 125/4331: Sarah Barnard Design -> 1 email(s)
  Checking site 126/4331: Thomas Halstead Designs -> 1 email(s)
  Checking site 127/4331: Nicole Fay Interior Design Studio -> 1 email(s)
  Checking site 128/4331: Christy B Home Design -> 1 email(s)
  Checking site 129/4331: Modern Mecca Stays & Design and The Modern Cabins -> 1 email(s)
  Checking site 130/4331: Eisenberg Law Group PC
  Checking site 131/4331: Wilshire Law Firm
  Checking site 132/4331: DESIGN SYNDICATE
  Checking site 133/4331: Morgan & Morgan -> 2 email(s)
  Checking site 134/4331: Ariana LaRae Designs
  Checking site 135/4331: West Coast Trial Lawyers
  Checking site 136/4331: Yang Law Offices
  Checking site 137/4331: LA Century: Injury and Accident Lawyer
  Checking site 138/4331: Pirnia Law Group -> 2 email(s)
  Checking site 139/4331: The Capital Law Firm, P.C. -> 1 email(s)
  Checking site 140/4331: Law Offices of John C. Ye
  Checking site 141/4331: DK Law - Injury, Accident, and More
  Checking site 142/4331: The Barry Law Firm - Lemon Law Attorneys
  Checking site 143/4331: America's Lemon Lawyer
  Checking site 144/4331: Culver Legal -> 1 email(s)
  Checking site 145/4331: Mollaei Law -> 1 email(s)
  Checking site 146/4331: Providence Trial Lawyers -> 1 email(s)
  Checking site 147/4331: C&B Law Group, LLP -> 3 email(s)
  Checking site 148/4331: The Law Offices of Jacob Emrani
  Checking site 149/4331: Martinian Lawyers
  Checking site 150/4331: El Dabe Ritter Trial Lawyers -> 1 email(s)
  Checking site 151/4331: Insider Accident Lawyers
  Checking site 152/4331: Los Angeles City Law -> 2 email(s)
  Checking site 153/4331: Deldar Legal
  Checking site 154/4331: Custodio & Dubey LLP - CD Law
  Checking site 155/4331: BANA LAW, PC
  Checking site 156/4331: J&Y Law Injury and Accident Attorneys
  Checking site 157/4331: MSD Lawyers
  Checking site 158/4331: Lemon Law Attorneys Offices of Adam Zolonz, APC -> 1 email(s)
  Checking site 159/4331: Law Offices of Jennie Levin, P.C. -> 1 email(s)
  Checking site 160/4331: Lee Legal Group - Workers' Compensation Attorney Los Angeles -> 3 email(s)
  Checking site 161/4331: MKP Law Group, LLP -> 1 email(s)
  Checking site 162/4331: Lemon Law Now - Los Angeles Lemon Law Lawyer -> 1 email(s)
  Checking site 163/4331: i Accident Lawyer
  Checking site 164/4331: The Rodriguez Law Group Los Angeles Criminal Defense Attorneys -> 1 email(s)
  Checking site 165/4331: Beverly Law Office -> 1 email(s)
  Checking site 166/4331: Law Offices Of Arkady A. Tselner -> 1 email(s)
  Checking site 167/4331: Hillstone Law Accident & Injury Attorneys
  Checking site 168/4331: The Dominguez Firm - Personal Injury Lawyers
  Checking site 169/4331: Moaddel Law Firm
  Checking site 170/4331: The Law Collective
  Checking site 171/4331: Ariel Law Group
  Checking site 172/4331: Grace Legal Group Inc. -> 1 email(s)
  Checking site 173/4331: Manshoory Law Group
  Checking site 174/4331: Rae Duncan Interior Design
  Checking site 175/4331: LNN Law Accident & Employment Lawyers
  Checking site 176/4331: Donna Mondi Interior Design -> 1 email(s)
  Checking site 177/4331: Habitar Design -> 1 email(s)
  Checking site 178/4331: Anthony Michael Interior Design -> 1 email(s)
  Checking site 179/4331: Amy Kartheiser Design -> 2 email(s)
  Checking site 180/4331: CCS Interior Design Group -> 1 email(s)
  Checking site 181/4331: Kuchar -> 1 email(s)
  Checking site 182/4331: Paula Interiors
  Checking site 183/4331: DGI Design x Build (Devon Grace Interiors) -> 1 email(s)
  Checking site 184/4331: Gemma Parker Design
  Checking site 185/4331: Interior Chicago -> 1 email(s)
  Checking site 186/4331: Jessica Lagrange Interiors -> 6 email(s)
  Checking site 187/4331: Divas N' Design Interior Design Group -> 2 email(s)
  Checking site 188/4331: Candace Mary Interiors - Chicago Interior Design
  Checking site 189/4331: Marshall Erb Design
  Checking site 190/4331: L Rose Interior Design -> 1 email(s)
  Checking site 191/4331: Alissa Johnson Interiors -> 1 email(s)
  Checking site 192/4331: Tint Interior Design -> 1 email(s)
  Checking site 193/4331: Lugbill Designs -> 1 email(s)
  Checking site 194/4331: Alluring Designs Chicago -> 2 email(s)
  Checking site 195/4331: River North Design District -> 7 email(s)
  Checking site 196/4331: NZ Designs & Construction Inc -> 2 email(s)
  Checking site 197/4331: CI DESIGN + BUILD -> 1 email(s)
  Checking site 198/4331: James Thomas Interiors -> 1 email(s)
  Checking site 199/4331: Michelle's Interiors
  Checking site 200/4331: Adi Design Chicago -> 1 email(s)
  Checking site 201/4331: Atchison Architectural Interiors
  Checking site 202/4331: Situ Design Company
  Checking site 203/4331: HAVEN - Chicago Home Staging & Redesign -> 1 email(s)
  Checking site 204/4331: Brianne Bishop Design -> 2 email(s)
  Checking site 205/4331: Michael Del Piero Good Design -> 4 email(s)
  Checking site 206/4331: Marie Antonette Designs -> 2 email(s)
  Checking site 207/4331: Kaufman Segal Angyus Design Group -> 3 email(s)
  Checking site 208/4331: Mia Rao Design -> 1 email(s)
  Checking site 209/4331: M2 Design Lab -> 1 email(s)
  Checking site 210/4331: TZS Design
  Checking site 211/4331: Perpetuum Designs | Interior Design Services in Chicago, IL -> 1 email(s)
  Checking site 212/4331: Christy Foran Design
  Checking site 213/4331: Adina Hall Design -> 1 email(s)
  Checking site 214/4331: Glasshouse Interior
  Checking site 215/4331: Morgan & Morgan -> 2 email(s)
  Checking site 216/4331: Sarah Jacquelyn Interiors -> 1 email(s)
  Checking site 217/4331: KTGY | Chicago
  Checking site 218/4331: Phillips Law Offices
  Checking site 219/4331: Zayed Law Offices
  Checking site 220/4331: Ankin Law -> 1 email(s)
  Checking site 221/4331: Malman Law -> 1 email(s)
  Checking site 222/4331: Criminal Defense Lawyer of Chicago
  Checking site 223/4331: Disparti Law Group
  Checking site 224/4331: Shea Law Group
  Checking site 225/4331: Levin & Perconti
  Checking site 226/4331: Costa Ivone Injury Lawyers - Chicago
  Checking site 227/4331: Donald Kiolbassa Attorney At Law
  Checking site 228/4331: The Law Offices of Haytham Faraj
  Checking site 229/4331: CTM Legal Group
  Checking site 230/4331: Chicago Trusted Attorneys
  Checking site 231/4331: The Kryder Law Group, LLC Accident and Injury Lawyers -> 1 email(s)
  Checking site 232/4331: Shuman Legal Personal Injury Lawyers
  Checking site 233/4331: Attorneys of Chicago Personal Injury Lawyers
  Checking site 234/4331: Lerner and Rowe Injury Attorneys
  Checking site 235/4331: The Davis Law Group, P.C.
  Checking site 236/4331: Strom Yen Injury Attorneys of Illinois
  Checking site 237/4331: Indie Law, A Trademark Law Firm
  Checking site 238/4331: Just Results Law Group -> 1 email(s)
  Checking site 239/4331: Keating Law Offices, P.C.
  Checking site 240/4331: Mehta Law Group
  Checking site 241/4331: The Law Office of Purav Bhatt -> 1 email(s)
  Checking site 242/4331: Sherwood Law Group
  Checking site 243/4331: River North Law Group
  Checking site 244/4331: Getech Law -> 1 email(s)
  Checking site 245/4331: TorHoerman Law: Injury & Car Accident Lawyers Chicago
  Checking site 246/4331: Adkison Law Offices -> 1 email(s)
  Checking site 247/4331: Abels & Annes, P.C.
  Checking site 248/4331: The Toney Law Firm, LLC
  Checking site 249/4331: The Thiel Law Group, P.C.
  Checking site 250/4331: Wilde Law Group
  Checking site 251/4331: Taxman, Pollock, & Bekkerman, LLC Trial Attorneys - Chicago
  Checking site 252/4331: Demidchik Law Firm 安娜律师楼 (Chicago) -> 1 email(s)
  Checking site 253/4331: Law Offices of Mitch Furman | Chicago Criminal Defense Attorney | Chicago DUI Lawyer -> 1 email(s)
  Checking site 254/4331: The Law Office of Sean Brown, LLC -> 1 email(s)
  Checking site 255/4331: Rosenfeld Injury Lawyers LLC -> 1 email(s)
  Checking site 256/4331: Bradford Miller Law, P.C.
  Checking site 257/4331: Arlo Law Office
  Checking site 258/4331: Marx and Klein | Chicago Criminal Defense Attorneys
  Checking site 259/4331: Pamela Hope Designs -> 2 email(s)
  Checking site 260/4331: Houston Affordable Designs -> 1 email(s)
  Checking site 261/4331: Nina Magon -> 1 email(s)
  Checking site 262/4331: Saper Law I Intellectual Property I Entertainment I Social Media I Business -> 1 email(s)
  Checking site 263/4331: JoJo Wong Design & Remodel -> 1 email(s)
  Checking site 264/4331: Benjamin Johnston Design, LLC -> 2 email(s)
  Checking site 265/4331: By Design Interiors, Inc. -> 1 email(s)
  Checking site 266/4331: Sweetlake Interior Design
  Checking site 267/4331: L. Pearson Design -> 1 email(s)
  Checking site 268/4331: Missy Stewart Designs -> 1 email(s)
  Checking site 269/4331: Chairma Design Group -> 1 email(s)
  Checking site 270/4331: Houston Design Center
  Checking site 271/4331: Dodson Interiors -> 1 email(s)
  Checking site 272/4331: Sarah Scheidler Interiors, LLC -> 1 email(s)
  Checking site 273/4331: EP Interior -> 1 email(s)
  Checking site 274/4331: Ginger Barber Interior Design -> 3 email(s)
  Checking site 275/4331: Katie K Interiors -> 2 email(s)
  Checking site 276/4331: Emily June Designs -> 1 email(s)
  Checking site 277/4331: Blue Jay Interiors
  Checking site 278/4331: Holloway Design Group -> 1 email(s)
  Checking site 279/4331: Aveon Designs - Houston Interior Designer -> 1 email(s)
  Checking site 280/4331: Jessicah Kolter Interior Design -> 1 email(s)
  Checking site 281/4331: The Design Firm - Interior Designers
  Checking site 282/4331: Adeline Ray Design Studio -> 1 email(s)
  Checking site 283/4331: Houston Staging & Design
  Checking site 284/4331: Boxwood Interiors -> 1 email(s)
  Checking site 285/4331: Design House
  Checking site 286/4331: Mann Design -> 3 email(s)
  Checking site 287/4331: Bilal Rehman Studio -> 1 email(s)
  Checking site 288/4331: Marie Flanigan Interiors
  Checking site 289/4331: Abel Design Group Ltd
  Checking site 290/4331: Collaborative Design Group Architecture & Interiors -> 1 email(s)
  Checking site 291/4331: B.W Collier Interior Design -> 1 email(s)
  Checking site 292/4331: Nancy Lane Interiors
  Checking site 293/4331: Creative Interior Home Staging
  Checking site 294/4331: Victoria Plasencia Interior Designer Houston -> 2 email(s)
  Checking site 295/4331: Nathalia Interiors
  Checking site 296/4331: Creative Tonic Design -> 1 email(s)
  Checking site 297/4331: Madison Avenue Design -> 1 email(s)
  Checking site 298/4331: Brickmoon Design -> 1 email(s)
  Checking site 299/4331: The Law Offices of Hilda Sibrian -> 1 email(s)
  Checking site 300/4331: The Lanier Law Firm, PC
  Checking site 301/4331: NMW Law Firm -> 1 email(s)
  Checking site 302/4331: Butler Law Firm - The Houston DWI Lawyer
  Checking site 303/4331: AK Law Firm Accident & Injury Lawyers
  Checking site 304/4331: Husain Law -> 1 email(s)
  Checking site 305/4331: Mokaram Injury Lawyers
  Checking site 306/4331: Bergquist Law Firm
  Checking site 307/4331: McGovern Law Firm -> 2 email(s)
  Checking site 308/4331: Zehl & Associates - Houston
  Checking site 309/4331: Sneed & Mitchell LLP - Catastrophic & Wrongful Death Lawyers®
  Checking site 310/4331: See You At The Top Law -> 2 email(s)
  Checking site 311/4331: Walker Texas Lawyer
  Checking site 312/4331: KGS Law PLLC
  Checking site 313/4331: The Salazar Law Firm -> 1 email(s)
  Checking site 314/4331: PM Law Firm
  Checking site 315/4331: Abogado Javier Marcos - Abogado de Accidentes
  Checking site 316/4331: The Longhorn Lawyer -> 2 email(s)
  Checking site 317/4331: Salazar & Velazquez, P.C. -> 1 email(s)
  Checking site 318/4331: Rodney Jones Law Group P.C. -> 1 email(s)
  Checking site 319/4331: The Corona Law Firm, PLLC
  Checking site 320/4331: The Callahan Law Firm
  Checking site 321/4331: Steve Lee - Accident & Injury Attorneys -> 1 email(s)
  Checking site 322/4331: Attorney Brian White Personal Injury Lawyers
  Checking site 323/4331: The Law Office of David A. Breston
  Checking site 324/4331: Bowen Law Firm, PLLC
  Checking site 325/4331: Omar Ochoa Law Firm
  Checking site 326/4331: Thiessen Law Firm
  Checking site 327/4331: Roberts Markland LLP
  Checking site 328/4331: Daspit Law Firm
  Checking site 329/4331: The de la Garza Law Group
  Checking site 330/4331: Law Offices of Paris Mendoza & Associates, P.C. -> 2 email(s)
  Checking site 331/4331: Dunham & Jones
  Checking site 332/4331: The Gonzalez Law Group, PLLC
  Checking site 333/4331: The Cobos Law Firm -> 2 email(s)
  Checking site 334/4331: Fitts Law Firm, PLLC
  Checking site 335/4331: Universal Law Group, PLLC -> 1 email(s)
  Checking site 336/4331: The McMillan Law Firm -> 2 email(s)
  Checking site 337/4331: Sansa Interiors -> 1 email(s)
  Checking site 338/4331: Doyle Dennis Avery LLP Trial Lawyers
  Checking site 339/4331: Level Studio Inc. - Interior Design Toronto
  Checking site 340/4331: Toronto Designers -> 2 email(s)
  Checking site 341/4331: LUX Design Inc. -> 1 email(s)
  Checking site 342/4331: BiglarKinyan Design Planning Inc.
  Checking site 343/4331: Toronto Interior Design Group -> 2 email(s)
  Checking site 344/4331: EM DESIGN STUDIO
  Checking site 345/4331: David Nosella Interior Design -> 1 email(s)
  Checking site 346/4331: ALT | Interiors Staging & Interior Design -> 1 email(s)
  Checking site 347/4331: Swisterski Design Inc. - Interior Designer Toronto -> 1 email(s)
  Checking site 348/4331: Design to Impress -> 1 email(s)
  Checking site 349/4331: Coe Mudford Interior Design
  Checking site 350/4331: Amanda Aerin Interior Design Toronto -> 1 email(s)
  Checking site 351/4331: HOUSE OF LAYTH -> 1 email(s)
  Checking site 352/4331: Designed By Iman
  Checking site 353/4331: High Street Design -> 1 email(s)
  Checking site 354/4331: Lori Morris Design -> 3 email(s)
  Checking site 355/4331: Cecconi Simone
  Checking site 356/4331: DesignAgency - Toronto -> 2 email(s)
  Checking site 357/4331: Palmerston Design Consultants -> 1 email(s)
  Checking site 358/4331: MESA INTERIORS
  Checking site 359/4331: Hart & Hive: A Place For Design -> 1 email(s)
  Checking site 360/4331: S&A Decor - Interior Decorator in Toronto -> 1 email(s)
  Checking site 361/4331: Erica Grace Design Inc. -> 1 email(s)
  Checking site 362/4331: YCC Design Interiors -> 1 email(s)
  Checking site 363/4331: Megan Crosbie Design -> 1 email(s)
  Checking site 364/4331: Bell Interior Design Studio -> 1 email(s)
  Checking site 365/4331: House of Hof -> 1 email(s)
  Checking site 366/4331: Two Fold Interiors -> 1 email(s)
  Checking site 367/4331: The Interior Design Show (Head Office)
  Checking site 368/4331: Studio P Interiors -> 1 email(s)
  Checking site 369/4331: Collective Studio -> 2 email(s)
  Checking site 370/4331: BORTOLOTTO
  Checking site 371/4331: Nuvo Design Studio - Decorating Den Interiors
  Checking site 372/4331: Nicole Costa Design -> 1 email(s)
  Checking site 373/4331: Gta Fine Interiors -> 1 email(s)
  Checking site 374/4331: AVA INTERIOR DESIGN Ania Maternicki -> 1 email(s)
  Checking site 375/4331: SUNDAY CREATIVE. @_sundaycreative -> 1 email(s)
  Checking site 376/4331: Croma Design
  Checking site 377/4331: X-Design Inc. -> 3 email(s)
  Checking site 378/4331: RGS Interior Design and Planning -> 1 email(s)
  Checking site 379/4331: niche design inc
  Checking site 380/4331: Toronto Civil Litigation Lawyers - Powell Litigation -> 1 email(s)
  Checking site 381/4331: GLG LLP
  Checking site 382/4331: Mills & Mills LLP -> 33 email(s)
  Checking site 383/4331: Walker Law - Litigation Lawyers in Toronto
  Checking site 384/4331: Levitt LLP | Howard Levitt | Employment Lawyer Toronto -> 5 email(s)
  Checking site 385/4331: Hansra Law - Business Lawyer & Technology Law Firm Toronto -> 2 email(s)
  Checking site 386/4331: Thomson Rogers LLP
  Checking site 387/4331: KMB Law – Downtown Toronto
  Checking site 388/4331: Gluckstein Personal Injury Lawyers -> 2 email(s)
  Checking site 389/4331: Green and Spiegel LLP -> 6 email(s)
  Checking site 390/4331: Robb MacDonald - Toronto Criminal Lawyer
  Checking site 391/4331: Axess Law -> 1 email(s)
  Checking site 392/4331: Caramanna, Friedberg LLP
  Checking site 393/4331: Vilkhov Law Professional Corporation -> 1 email(s)
  Checking site 394/4331: Shaikh Law Firm -> 1 email(s)
  Checking site 395/4331: Daniel Brown Law - Criminal Lawyers Toronto
  Checking site 396/4331: Strategic Criminal Defence - Criminal Lawyers Toronto -> 2 email(s)
  Checking site 397/4331: Toronto Civil Litigation Lawyers - Powell Litigation -> 1 email(s)
  Checking site 398/4331: Insight Law Professional Corporation - Real Estate Lawyer Toronto
  Checking site 399/4331: Blaney McMurtry LLP
  Checking site 400/4331: Unified LLP -> 1 email(s)
  Checking site 401/4331: Zamani Law - Toronto Criminal Lawyer -> 1 email(s)
  Checking site 402/4331: LD Law LLP
  Checking site 403/4331: Graham Zoppi Criminal Lawyer Toronto
  Checking site 404/4331: Weisberg Law Criminal Lawyers LLP Toronto
  Checking site 405/4331: Z Legal Litigation Lawyer -> 1 email(s)
  Checking site 406/4331: Samfiru Tumarkin
  Checking site 407/4331: Pyzer Criminal Lawyers
  Checking site 408/4331: Topmarké Attorneys LLP -> 1 email(s)
  Checking site 409/4331: Russell Alexander Collaborative Family Lawyers
  Checking site 410/4331: Ackah Toronto Immigration Lawyer -> 1 email(s)
  Checking site 411/4331: Lewis & Associates LLP -> 1 email(s)
  Checking site 412/4331: Chand & Co. | Civil and Commercial Litigation Lawyers -> 1 email(s)
  Checking site 413/4331: Lexpand Law Office -> 7 email(s)
  Checking site 414/4331: Auger Hollingsworth Accident & Injury Lawyers | Toronto -> 10 email(s)
  Checking site 415/4331: Hummingbird Lawyers LLP -> 1 email(s)
  Checking site 416/4331: Jag Virk Lawyers | Criminal Lawyer Toronto -> 1 email(s)
  Checking site 417/4331: Bune Law, Toronto Employment Lawyer
  Checking site 418/4331: Preszler Injury Lawyers -> 6 email(s)
  Checking site 419/4331: Shulman & Partners LLP -> 3 email(s)
  Checking site 420/4331: Ronen Kurzfeld Immigration Lawyer Toronto -> 1 email(s)
  Checking site 421/4331: AK Design -> 6 email(s)
  Checking site 422/4331: ZWADA home Interiors & Design
  Checking site 423/4331: Davidson Cahill Morrison LLP -> 1 email(s)
  Checking site 424/4331: Form Collective | Vancouver Interior Design -> 1 email(s)
  Checking site 425/4331: Shift Interiors -> 3 email(s)
  Checking site 426/4331: Quintessential Living Inc. Interior Designer Decorator Vancouver -> 2 email(s)
  Checking site 427/4331: Curated Home By Chrissy & Co -> 1 email(s)
  Checking site 428/4331: Beyond Beige Interior Design -> 1 email(s)
  Checking site 429/4331: Sublime Interior Design Ltd. Vancouver BC -> 1 email(s)
  Checking site 430/4331: Space Harmony
  Checking site 431/4331: YU+ME Design -> 1 email(s)
  Checking site 432/4331: HART HOUS Interior Design
  Checking site 433/4331: House of Bohn -> 1 email(s)
  Checking site 434/4331: Designs For Life Home Interior Design & Home Staging Services -> 1 email(s)
  Checking site 435/4331: Kalu Interiors -> 3 email(s)
  Checking site 436/4331: Oliver Simon Design Inc. -> 1 email(s)
  Checking site 437/4331: Ark & Mason Commercial Interior Design -> 1 email(s)
  Checking site 438/4331: Cutler -> 2 email(s)
  Checking site 439/4331: Interior Design Show Vancouver
  Checking site 440/4331: Pure Design Inc. -> 1 email(s)
  Checking site 441/4331: Good Space Plans Online -> 1 email(s)
  Checking site 442/4331: MOOR INTERIOR DESIGN | Interior Design Vancouver -> 1 email(s)
  Checking site 443/4331: Meme Brooks Design
  Checking site 444/4331: Jute Studios
  Checking site 445/4331: Andrea Rodman Interiors -> 1 email(s)
  Checking site 446/4331: Janks Design Group Inc. -> 5 email(s)
  Checking site 447/4331: Serac Interior Design & Renovation Studios -> 1 email(s)
  Checking site 448/4331: Renocon Design Centre -> 3 email(s)
  Checking site 449/4331: iForest Design and Build Inc. -> 1 email(s)
  Checking site 450/4331: Catherine Adams Interiors Inc -> 1 email(s)
  Checking site 451/4331: SSDG Interiors Inc | Vancouver Interior Design Firm -> 1 email(s)
  Checking site 452/4331: Vanteriordesign
  Checking site 453/4331: Black Label Designs -> 2 email(s)
  Checking site 454/4331: Align Home Studio - Interior Design Vancouver -> 2 email(s)
  Checking site 455/4331: Megan Baker Interiors -> 1 email(s)
  Checking site 456/4331: Harmony Sense Interiors Ltd -> 1 email(s)
  Checking site 457/4331: Kelly Arthur Interior Design -> 1 email(s)
  Checking site 458/4331: CHIL Interior Design -> 2 email(s)
  Checking site 459/4331: Sophie Burke Design
  Checking site 460/4331: Dimora Interiors -> 1 email(s)
  Checking site 461/4331: Māk Interiors
  Checking site 462/4331: Studio Ninety Design | North Vancouver Interior Design -> 2 email(s)
  Checking site 463/4331: Box Interior Design Inc.
  Checking site 464/4331: Hager Design International -> 1 email(s)
  Checking site 465/4331: Murphy Battista LLP - Vancouver
  Checking site 466/4331: Flowform Design Group Ltd -> 1 email(s)
  Checking site 467/4331: Sodagar & Company Law Corporation
  Checking site 468/4331: Nuraney Law Group -> 1 email(s)
  Checking site 469/4331: Specht & Pryer Law Corp 毅杰律师事务所 -> 1 email(s)
  Checking site 470/4331: LAM LEGAL - TRIAL LAWYERS
  Checking site 471/4331: Jeffrey R. Horricks Law Corporation -> 1 email(s)
  Checking site 472/4331: Preszler Injury Lawyers
  Checking site 473/4331: Hammerco Lawyers LLP -> 1 email(s)
  Checking site 474/4331: Watson Goepel LLP
  Checking site 475/4331: Klein Lawyers LLP
  Checking site 476/4331: Coal Harbour Law -> 1 email(s)
  Checking site 477/4331: Tim Louis & Company Law Firm -> 1 email(s)
  Checking site 478/4331: Vayeghan Litigation -> 1 email(s)
  Checking site 479/4331: Alan Chim Law Corporation - Lawyer and Notary Public
  Checking site 480/4331: Voyer Law Corporation -> 1 email(s)
  Checking site 481/4331: Acumen Law Corporation
  Checking site 482/4331: Winright Law
  Checking site 483/4331: Taylor & Blair LLP
  Checking site 484/4331: Mines and Company Criminal Lawyers
  Checking site 485/4331: Mickelson, Whysall & Moore Law Group
  Checking site 486/4331: Julia Lin Law -> 1 email(s)
  Checking site 487/4331: Benchmark Law Corporation -> 1 email(s)
  Checking site 488/4331: YLaw
  Checking site 489/4331: Westcoast Wills & Estates - Vancouver -> 2 email(s)
  Checking site 490/4331: Larlee Rosenberg
  Checking site 491/4331: Solimano Law
  Checking site 492/4331: Ascent Employment Law
  Checking site 493/4331: Samfiru Tumarkin LLP Employment Lawyers
  Checking site 494/4331: Titan Law -> 1 email(s)
  Checking site 495/4331: Joshua Slayen Vancouver Canadian Immigration Lawyer -> 1 email(s)
  Checking site 496/4331: Share Lawyers Vancouver
  Checking site 497/4331: Britannia Law -> 2 email(s)
  Checking site 498/4331: Tom Doust - Vancouver Criminal Lawyer -> 1 email(s)
  Checking site 499/4331: Holness and Small Law Group -> 2 email(s)
  Checking site 500/4331: Jonathan J Israels Law Corporation -> 1 email(s)
  Checking site 501/4331: macushlaw
  Checking site 502/4331: Sportschuetz & Company Construction Law Firm -> 5 email(s)
  Checking site 503/4331: Hoogbruin & Company -> 6 email(s)
  Checking site 504/4331: Sarah Leamon Law Group
  Checking site 505/4331: Fulcrum Law Corporation -> 2 email(s)
  Checking site 506/4331: Bright Law -> 1 email(s)
  Checking site 507/4331: Tuux -> 1 email(s)
  Checking site 508/4331: DIN interiorismo -> 1 email(s)
  Checking site 509/4331: AGO Projects -> 8 email(s)
  Checking site 510/4331: Jessica Lan Interiorismo/ BUKA HOME/ SHOP THE LOOK
  Checking site 511/4331: México interiorismo -> 1 email(s)
  Checking site 512/4331: MANUEL TORRES DESIGN - Despacho de interiorismo, arquitectura y reformas -> 1 email(s)
  Checking site 513/4331: Cadana -> 1 email(s)
  Checking site 514/4331: Héctor Esrawe Limited Editions -> 3 email(s)
  Checking site 515/4331: Decada Vintage Furniture
  Checking site 516/4331: Casa Quieta -> 1 email(s)
  Checking site 517/4331: Design Week Mexico
  Checking site 518/4331: Oxígeno Architecture -> 2 email(s)
  Checking site 519/4331: MYT+GLVDK -> 1 email(s)
  Checking site 520/4331: talacha
  Checking site 521/4331: OR Dental Clinic -> 1 email(s)
  Checking site 522/4331: txt.ure -> 2 email(s)
  Checking site 523/4331: Esperanza Home
  Checking site 524/4331: Clínica Roma Dental - Especialistas en la colonia Roma
  Checking site 525/4331: Ortega México - Casa Ortega -> 1 email(s)
  Checking site 526/4331: Clínica Dental AmsterDent -> 1 email(s)
  Checking site 527/4331: Dental Center Emmanuel
  Checking site 528/4331: Dentista en CDMX Beamann Hobbs -> 1 email(s)
  Checking site 529/4331: Clínica Dental Samuel Máximo- Dentista 24 horas Urgencias -> 1 email(s)
  Checking site 530/4331: Dentech -> 1 email(s)
  Checking site 531/4331: Sonrisa Istanbul Dental - Polanco -> 1 email(s)
  Checking site 532/4331: Ideal Dental (Dental Tourism) -> 3 email(s)
  Checking site 533/4331: Clínica Dental Sonríe Mx -> 1 email(s)
  Checking site 534/4331: Clinica Dental Teeth and Tooth/Teeth and Tooth Dental Clinic -> 3 email(s)
  Checking site 535/4331: Clínica Drdiente - Polanco
  Checking site 536/4331: Dental Clinic (Narvarte)
  Checking site 537/4331: La Clínica Dental (Roma)
  Checking site 538/4331: Dentalisima Dentista Clínica Dental Brackets -> 1 email(s)
  Checking site 539/4331: dental center
  Checking site 540/4331: Smile dental Hamburgo
  Checking site 541/4331: hisonrisa – Clínica dental en Roma Sur, CDMX
  Checking site 542/4331: Tu Dental SPA
  Checking site 543/4331: Dental Digital -> 1 email(s)
  Checking site 544/4331: Clinde Salud Dental -> 1 email(s)
  Checking site 545/4331: Dentology - Dentista en Polanco, Ciudad de México
  Checking site 546/4331: Clinica Dental CliniDental Reforma
  Checking site 547/4331: MisBrackets.mx - Clínica Dental Roma Norte CDMX -> 1 email(s)
  Checking site 548/4331: SMILE BETTER
  Checking site 549/4331: Clínica Dental The New Smile, Viaducto Piedad, Iztacalco CDMX
  Checking site 550/4331: dentalia
  Checking site 551/4331: Odontologic Clínica Dental - ROMA NORTE -> 1 email(s)
  Checking site 552/4331: Clínica Dental Dr. César Pérez Ruiz - Cirujano Dentista en Ciudad de Mexico, CDMX -> 1 email(s)
  Checking site 553/4331: SMILE, CLINICA DENTAL LA VIGA
  Checking site 554/4331: Dental Gaia CDMX (Dental Tourism)
  Checking site 555/4331: Clinica Estetica Dental Arts
  Checking site 556/4331: OdontoHealth Condesa
  Checking site 557/4331: MercaDental -> 1 email(s)
  Checking site 558/4331: Korodent Clínica Dental
  Checking site 559/4331: 254 Dental & Health
  Checking site 560/4331: Dental Corner
  Checking site 561/4331: Holland & Knight LLP -> 3 email(s)
  Checking site 562/4331: Sky Dental -> 1 email(s)
  Checking site 563/4331: Creel, García-Cuéllar, Aiza and Enríquez, S.C.
  Checking site 564/4331: Greenberg Traurig, S.C. -> 1 email(s)
  Checking site 565/4331: Baker McKenzie México
  Checking site 566/4331: Mijares Angoitia Cortés y Fuentes, S.C. (MACF)
  Checking site 567/4331: Galicia Abogados, S.C.
  Checking site 568/4331: Jones Day -> 11 email(s)
  Checking site 569/4331: Consultores & Estrategas Jurídicos
  Checking site 570/4331: OLIVARES -> 3 email(s)
  Checking site 571/4331: MAISON LEGAL MEXICO
  Checking site 572/4331: Jauregui and Del Valle, S.C. -> 1 email(s)
  Checking site 573/4331: Hogan Lovells
  Checking site 574/4331: Calderon and the Sierra -> 1 email(s)
  Checking site 575/4331: Creel Abogados, S.C.
  Checking site 576/4331: Von Wobeser y Sierra, S.C.
  Checking site 577/4331: Chalet Dental CDMX
  Checking site 578/4331: Pérez Correa González -> 2 email(s)
  Checking site 579/4331: White & Case, S.C.
  Checking site 580/4331: Lawyer Up Consultores
  Checking site 581/4331: Nader Hayaux Goebel
  Checking site 582/4331: Abogados CDMX.- Melo y Asociados
  Checking site 583/4331: Pallares Law Consultants -> 1 email(s)
  Checking site 584/4331: Arochi & Lindner
  Checking site 585/4331: Clark Hill - Mexico City -> 4 email(s)
  Checking site 586/4331: García Barragán Abogados
  Checking site 587/4331: Uhthoff Gomez Vega & Uhthoff Sc
  Checking site 588/4331: Altamirano Law Firm. Surrogacy Attorneys -> 1 email(s)
  Checking site 589/4331: Lexidy Law Boutique - Mexico City
  Checking site 590/4331: Tsuru Abogados -> 7 email(s)
  Checking site 591/4331: iberbrand
  Checking site 592/4331: LÍTEM ABOGADOS -> 2 email(s)
  Checking site 593/4331: Lex Legal Mexico -> 1 email(s)
  Checking site 594/4331: Garrigues
  Checking site 595/4331: Chevez Ruiz Zamarripa
  Checking site 596/4331: Goodrich Riquelme y Asociados
  Checking site 597/4331: Cuesta Campos y Asociados S.C.
  Checking site 598/4331: MexLaw Mexico City
  Checking site 599/4331: Foley & Lardner México, S.C.
  Checking site 600/4331: LHO
  Checking site 601/4331: Correa Wilson & Company, Law Firm - Firma Legal | Derecho Penal & Manejo de Crisis | México -> 1 email(s)
  Checking site 602/4331: CONSULTORA JURÍDICA FICAM oficina principal
  Checking site 603/4331: International Legal Counseling Abogados SC
  Checking site 604/4331: Studio E
  Checking site 605/4331: Decoradornet: Projeto de Decoração Online
  Checking site 606/4331: Fernanda Marques Architects -> 1 email(s)
  Checking site 607/4331: Isabel Leite Design de Interiores
  Checking site 608/4331: Fragomen in Mexico
  Checking site 609/4331: Daniela Colnaghi - Design de Interiores & Associados -> 1 email(s)
  Checking site 610/4331: Liliana Zenaro Interiores -> 1 email(s)
  Checking site 611/4331: INSIDE - Arquitetura e Design de Interiores -> 3 email(s)
  Checking site 612/4331: KY Projetos
  Checking site 613/4331: Marilia Veiga Interiores -> 1 email(s)
  Checking site 614/4331: Sig Bergamin Architecture LTDA -> 1 email(s)
  Checking site 615/4331: VR² | Arquitetura e Interiores
  Checking site 616/4331: Tieppo Design de Interiores -> 1 email(s)
  Checking site 617/4331: My Beautiful Store -> 1 email(s)
  Checking site 618/4331: Cami Casagrande Interiores -> 1 email(s)
  Checking site 619/4331: Studio Novak Arquitetura e Interiores em São Paulo
  Checking site 620/4331: Tagliatella Interior Design
  Checking site 621/4331: Marina Liberman Interiores
  Checking site 622/4331: Gal Concept Design by Gal Nunes
  Checking site 623/4331: Ferja Arquitetura | Arquiteto em São Paulo | Escritório de Arquitetura -> 1 email(s)
  Checking site 624/4331: Fabio Galeazzo
  Checking site 625/4331: LBN Arquitetura e Construção
  Checking site 626/4331: Descomum - Escritório de Arquitetura e Decoração
  Checking site 627/4331: I’m architect and interior designer! -> 1 email(s)
  Checking site 628/4331: Buss Design
  Checking site 629/4331: Perkins&Will São Paulo -> 1 email(s)
  Checking site 630/4331: Padrona Arquitetura
  Checking site 631/4331: Dot Objetos -> 1 email(s)
  Checking site 632/4331: Repagine Design interiores e Arquitetura
  Checking site 633/4331: Entri Arquitetura e Interiores
  Checking site 634/4331: CASACOR São Paulo
  Checking site 635/4331: Marina Carvalho | Architecture
  Checking site 636/4331: AUDAZ Estúdio - Arquitetura e Design
  Checking site 637/4331: Flutua Arquitetura | São Paulo: Arquitetura e Interiores
  Checking site 638/4331: Cristina Barbara Arquitetura (Barbara & Purchio)
  Checking site 639/4331: Benatti Odontologia
  Checking site 640/4331: Helo Coelho da Fonseca Decor
  Checking site 641/4331: A Clinica Oral -> 1 email(s)
  Checking site 642/4331: Brazilian Association of Interior Designers - ABD
  Checking site 643/4331: Implart
  Checking site 644/4331: Specialized Dental Center - Emergency Room
  Checking site 645/4331: Clínica OdontoFares
  Checking site 646/4331: Domo Dentists 24 hours in Sao Paulo, SP
  Checking site 647/4331: Dentar Odontologia
  Checking site 648/4331: Odonto Bela Vista
  Checking site 649/4331: SB Odontologia Especializada -> 1 email(s)
  Checking site 650/4331: Ibirapuera Dental Clinic -> 2 email(s)
  Checking site 651/4331: ONE Dental Studio - Dra. Maria Fernanda Rossi & Dr. Vitor Freitas -
  Checking site 652/4331: Dental Studio | Implantes dentários | Dentista | Tucuruvi | Zona Norte - SP
  Checking site 653/4331: Teeth whitening by Dr. Camila Pimenta | Dentist in São Paulo -> 1 email(s)
  Checking site 654/4331: COR - Clínica Odontológica Rosatti | Dentista em Higienópolis
  Checking site 655/4331: YOKOTA & XAVIER, Dentista Zona Leste SP, Clinica Vila Matilde, Especialista, Melhor: Implante Dentario Canal BucoMaxilo Siso
  Checking site 656/4331: Instituto dental life
  Checking site 657/4331: Dentika Clínicas Odontológicas Liberdade
  Checking site 658/4331: Simioni Odontologia - Implante e Lente de Contato Dental
  Checking site 659/4331: LSR ODONTOLOGIA
  Checking site 660/4331: PLANTÃO ODONTO
  Checking site 661/4331: Dr Erick Andrade
  Checking site 662/4331: Dra. Jamile Arantes
  Checking site 663/4331: Dentista 24 Horas e Pronto Socorro Odontológico Dra Danielly Odontologia24horas
  Checking site 664/4331: Clínica Bela Vista -> 2 email(s)
  Checking site 665/4331: Ateliê Oral | Clínica Odontológica Especializada em Reabilitação Oral no Itaim Bibi Zona Sul SP
  Checking site 666/4331: Perfect Smile & Health Odontologia Especializada -> 1 email(s)
  Checking site 667/4331: Allegra Odontologia Tatuapé | Estética Dental
  Checking site 668/4331: Odonto Paulistana
  Checking site 669/4331: Clínica Abla
  Checking site 670/4331: Multiclínica Odontológica
  Checking site 671/4331: Akaki Dental
  Checking site 672/4331: Odonto Uno
  Checking site 673/4331: Dra. Tatiane Fontes
  Checking site 674/4331: Clínica Odontológica Dra. Mayara Vianna | Dentista no Centro de São Paulo
  Checking site 675/4331: Portal do Sorriso
  Checking site 676/4331: ORY Clínica -> 2 email(s)
  Checking site 677/4331: GW Odontologia
  Checking site 678/4331: Oliveira Lawyers
  Checking site 679/4331: Pinheiro Neto Advogados
  Checking site 680/4331: Lawyer in Brazil - Dr. Mauricio Ejchel -> 1 email(s)
  Checking site 681/4331: 🟢 Neil Alden Advocacia Tributária
  Checking site 682/4331: Solimene Sociedade de Advocacia -> 2 email(s)
  Checking site 683/4331: Lobo de Rizzo Advogados
  Checking site 684/4331: TozziniFreire Advogados -> 1 email(s)
  Checking site 685/4331: Odontmello
  Checking site 686/4331: Hogan Lovells
  Checking site 687/4331: LAW.SA - Sociedade de Advogados -> 1 email(s)
  Checking site 688/4331: White & Case LLP
  Checking site 689/4331: Mattos Filho
  Checking site 690/4331: ALVES JACOB LAW FIRM -> 1 email(s)
  Checking site 691/4331: Fernando Agostinho Advogados
  Checking site 692/4331: M. Mograbi e Atlas
  Checking site 693/4331: SPLAW -> 1 email(s)
  Checking site 694/4331: Murat Advogados Associados
  Checking site 695/4331: Eli Alves da Silva Advogados Associados - SEDE
  Checking site 696/4331: ETPR Advogados -> 1 email(s)
  Checking site 697/4331: Cescon, Barrieu, Flesch & Barreto Advogados -> 5 email(s)
  Checking site 698/4331: SA Law Sociedade de Advogados
  Checking site 699/4331: SABZ Advogados -> 2 email(s)
  Checking site 700/4331: Advogado Marcello Sant’Ana -> 1 email(s)
  Checking site 701/4331: ⚖️ Advogado Especialista Direito Imobiliário São Paulo | Regularização Compra Venda Revisão Aluguel | Felipe Franklin Freitas -> 1 email(s)
  Checking site 702/4331: FELDMANN LAW FIRM
  Checking site 703/4331: Costa Law - Advocacia e Consultoria Jurídica -> 1 email(s)
  Checking site 704/4331: Fidalgo Advogados -> 1 email(s)
  Checking site 705/4331: De Conti Law Office
  Checking site 706/4331: Carvalhos Advogados Escritório de Advocacia -> 1 email(s)
  Checking site 707/4331: V&F Advocacia e Consultoria Jurídica -> 1 email(s)
  Checking site 708/4331: ADVOGADO IMIGRAÇÃO - Douglas Junior Dos Santos - Escritório Próximo ao Metrô República no Centro de São Paulo - Brasil -> 1 email(s)
  Checking site 709/4331: Lima & Lima Advocacia – Especialista em Insenção de Imposto de Renda, INSS, DPVAT, Indenizações de Seguros
  Checking site 710/4331: Souza Lima Advocacia - Direito de Família
  Checking site 711/4331: Contento, Macedo e Tarcha Advogados Associados
  Checking site 712/4331: Vigna Associated Attorneys
  Checking site 713/4331: Thomaz Bastos, Waisberg, Kurzweil Lawyers -> 1 email(s)
  Checking site 714/4331: Abe Advogados
  Checking site 715/4331: Paulo César Neves - PCN Law -> 2 email(s)
  Checking site 716/4331: Karpat Law Firm -> 1 email(s)
  Checking site 717/4331: Mayer Brown LLP
  Checking site 718/4331: GTLawyers
  Checking site 719/4331: Levy & Salomão Advogados -> 3 email(s)
  Checking site 720/4331: Pontes Vieira Advogados - Tributário Internacional, Direito Internacional, M&A, Homologação de Sentença Estrangeira e + -> 3 email(s)
  Checking site 721/4331: Squiapati.law | Escritório de advocacia especializada
  Checking site 722/4331: Brasilvisa - Especialistas em Direito Internacional e Migratório -> 1 email(s)
  Checking site 723/4331: MBC Interiores
  Checking site 724/4331: Arquitectura Interior -> 1 email(s)
  Checking site 725/4331: Estudio Equilibrio
  Checking site 726/4331: Sofía Willemoës
  Checking site 727/4331: BR Interiores - Diseño de Interiores
  Checking site 728/4331: Solar Concept Gallery
  Checking site 729/4331: Nicolas Pierry study Interior Design & Gardens -> 1 email(s)
  Checking site 730/4331: Heim Arquitectura Interior
  Checking site 731/4331: Interieur Forma S.A. -> 1 email(s)
  Checking site 732/4331: Quintana
  Checking site 733/4331: Marianela Brovelli Interior Designer
  Checking site 734/4331: BoConcept Recoleta
  Checking site 735/4331: Taska Deco
  Checking site 736/4331: Walmer
  Checking site 737/4331: ANS Design
  Checking site 738/4331: Sincronia Deco
  Checking site 739/4331: Thisza Design
  Checking site 740/4331: ASCOLTA -> 2 email(s)
  Checking site 741/4331: NexT
  Checking site 742/4331: Carrara Design | Muebles y Decoración
  Checking site 743/4331: Arista Deco
  Checking site 744/4331: PLATZ
  Checking site 745/4331: Selassie Design
  Checking site 746/4331: Nelson Caro - Interiores con Diseño
  Checking site 747/4331: Room For You -> 1 email(s)
  Checking site 748/4331: Hebe Studio - Interiorismo Integral
  Checking site 749/4331: PlanÁ Design
  Checking site 750/4331: Markis Design | Cuadros & Deco
  Checking site 751/4331: Alejandra nusenovich
  Checking site 752/4331: daniela heredia | INTERIORISMO + DISEÑO
  Checking site 753/4331: Geben Argentina
  Checking site 754/4331: Alma Ble
  Checking site 755/4331: AXB Interior Design
  Checking site 756/4331: MCL Studio
  Checking site 757/4331: METRO HOME DESIGN
  Checking site 758/4331: Mónaco DecoHouse
  Checking site 759/4331: Soul Design
  Checking site 760/4331: Dental Palermo
  Checking site 761/4331: Tu Sonrisa - odontología Especializada.
  Checking site 762/4331: Dental Das Group Argentina - Estética dental - Carillas - Implantes -> 1 email(s)
  Checking site 763/4331: Like Your Dentist -> 2 email(s)
  Checking site 764/4331: LM INTERIORES & DECO - Distribuidor Oficial Hunter Douglas
  Checking site 765/4331: Enjoy Dental -> 1 email(s)
  Checking site 766/4331: Dental Soho - Odontología integral
  Checking site 767/4331: SISO Dental Concept
  Checking site 768/4331: Pineda Dental Studio | Especialidades odontológicas -> 1 email(s)
  Checking site 769/4331: Dental Care Concept - Consultorio Odontologico
  Checking site 770/4331: Clínica Odontológica Aragones -> 1 email(s)
  Checking site 771/4331: Eh Odontología -> 1 email(s)
  Checking site 772/4331: Dental Woda
  Checking site 773/4331: Consultorio Dental DENTISTRY -> 2 email(s)
  Checking site 774/4331: Blanqueamiento Ahora
  Checking site 775/4331: Dental Microcentro | Odontología Integral, Implantes y Carillas -> 2 email(s)
  Checking site 776/4331: We Smile Clinica Dental -> 1 email(s)
  Checking site 777/4331: GETS Odontología -> 1 email(s)
  Checking site 778/4331: Buenos Aires Dental
  Checking site 779/4331: Zuro Dental - Marcelo T. de Alvear (Anexo) -> 1 email(s)
  Checking site 780/4331: Baires Odontología - Recoleta
  Checking site 781/4331: Belgrano Studio Dental -> 2 email(s)
  Checking site 782/4331: Drs. Pelcman: Dental Implants & Cosmetic Dentistry
  Checking site 783/4331: Implantes dentales Farinón Rivero -> 1 email(s)
  Checking site 784/4331: Odont Class -> 2 email(s)
  Checking site 785/4331: Slow dental
  Checking site 786/4331: Estudio Dental
  Checking site 787/4331: White Smile -> 1 email(s)
  Checking site 788/4331: Odontología Callao
  Checking site 789/4331: Clínica SonriAR
  Checking site 790/4331: Consultorio Odontologico Conte
  Checking site 791/4331: Sit And Go. Blanqueamiento Dental
  Checking site 792/4331: Odonto Smiling
  Checking site 793/4331: Suipacha Dental -> 1 email(s)
  Checking site 794/4331: Urgencias Odontológicas Palermo / Mensajee o llame las 24hs y Coordine su Atención
  Checking site 795/4331: SC Odontologia
  Checking site 796/4331: FES Odontología - Od. Micaela Britos y Equipo -> 1 email(s)
  Checking site 797/4331: De.Martin & Asociados | International Law Firm | Citizenship, Global Mobility & Legal Advisory 🇮🇹🇪🇸🇦🇷
  Checking site 798/4331: Quaini Law Firm -> 2 email(s)
  Checking site 799/4331: Baker McKenzie
  Checking site 800/4331: ARGENTINA LAWYER
  Checking site 801/4331: Bruchou & Funes de Rioja -> 1 email(s)
  Checking site 802/4331: MHR | Martínez de Hoz & Rueda -> 2 email(s)
  Checking site 803/4331: Marval, O'Farrell & Mairal
  Checking site 804/4331: Mitrani Caballero
  Checking site 805/4331: Estudio Berraondo
  Checking site 806/4331: Allende & Brea -> 3 email(s)
  Checking site 807/4331: Todo dental
  Checking site 808/4331: Bomchil
  Checking site 809/4331: Nicholson y Cano -> 1 email(s)
  Checking site 810/4331: Dental Arcos - Odontología Palermo
  Checking site 811/4331: Estudio Jurídico KZ Abogados -> 1 email(s)
  Checking site 812/4331: Beccar Varela - Estudio Jurídico - Sede Central
  Checking site 813/4331: Legatus abogados en CABA -> 1 email(s)
  Checking site 814/4331: Estudio Jurídico Dr. Pablo Bruno / ABOGADOS BL y Asoc -> 1 email(s)
  Checking site 815/4331: DLA Piper Argentina
  Checking site 816/4331: Ferretti Abogados - Reclamos por Accidentes de Trabajo y Sucesiones -> 1 email(s)
  Checking site 817/4331: Abogados Laborales
  Checking site 818/4331: Estudio Jurídico Sierra Cecilia -> 1 email(s)
  Checking site 819/4331: Salice Zabala Law Firm -> 1 email(s)
  Checking site 820/4331: Derechos ART Abogados - Accidentes de trabajo
  Checking site 821/4331: Taranto Abogados
  Checking site 822/4331: Estudio Juridico Segon & Asociados -> 1 email(s)
  Checking site 823/4331: Brons and Salas -> 1 email(s)
  Checking site 824/4331: Peñas Urquizu Law Firm
  Checking site 825/4331: Emilio Meyer & Asociados -> 1 email(s)
  Checking site 826/4331: Estudio Jurídico Kabakian & Krikorian & Asociados
  Checking site 827/4331: Estudio Otero -> 1 email(s)
  Checking site 828/4331: JFA Abogados - Estudio Jurídico -> 1 email(s)
  Checking site 829/4331: Abogados Laborales & Asoc -> 1 email(s)
  Checking site 830/4331: Estudio Jurídico Selser, Testa & Asoc. -> 1 email(s)
  Checking site 831/4331: Estudio Jurídico Pampín & Asoc.
  Checking site 832/4331: Mediación Previa
  Checking site 833/4331: Palacio IP - Marcas y Patentes
  Checking site 834/4331: ESTUDIO JURÍDICO MCG
  Checking site 835/4331: Indemnizarte Abogados Laborales - Accidentes ART, Siniestros, Sucesiones
  Checking site 836/4331: FERNANDEZ & VELARDEZ ABOGADOS
  Checking site 837/4331: Estudio Jurídico Dres. Vicent -> 1 email(s)
  Checking site 838/4331: Kalida Espacios Únicos - Diseño de Interiores Bogota -> 1 email(s)
  Checking site 839/4331: Diseño de Interiores Bogota
  Checking site 840/4331: Sergio Velosa Diseñador Interior
  Checking site 841/4331: Bellogar Diseño Interior -> 1 email(s)
  Checking site 842/4331: KiKi Design and Decoration - Children's furniture Bogotá
  Checking site 843/4331: LilianaCDesign - Diseño de Interiores
  Checking site 844/4331: ALICESTUDIODESIGN -> 1 email(s)
  Checking site 845/4331: Reinhard Dienes Studio -> 2 email(s)
  Checking site 846/4331: Interior Design Studio
  Checking site 847/4331: Staad HOME
  Checking site 848/4331: Dekoinnova Diseño y Acabados -> 1 email(s)
  Checking site 849/4331: FCM Abogados
  Checking site 850/4331: Mireya Pinilla Interior Design -> 2 email(s)
  Checking site 851/4331: Atmos Decor -> 1 email(s)
  Checking site 852/4331: Fabrica Soporte de tv en Bogota -> 1 email(s)
  Checking site 853/4331: KARE Cll. 81
  Checking site 854/4331: INHABI | Arquitectura, Remodelación & Diseño Interior
  Checking site 855/4331: Rimadesio Showroom
  Checking site 856/4331: CH Abogados
  Checking site 857/4331: Arquitec Group Bogotá
  Checking site 858/4331: Interior Designers Concepto Muro -> 2 email(s)
  Checking site 859/4331: Cuarte -> 1 email(s)
  Checking site 860/4331: NOVALUX STUDIO -> 2 email(s)
  Checking site 861/4331: Alfombras Habibi Turcas y accesorios Habibi 🇹🇷
  Checking site 862/4331: Alsada Bogotá
  Checking site 863/4331: Actualcontemporaneo
  Checking site 864/4331: CASA DE LA CORTINA -> 1 email(s)
  Checking site 865/4331: Arquitectura Constructiva -> 1 email(s)
  Checking site 866/4331: Decoratic
  Checking site 867/4331: Malo Dental
  Checking site 868/4331: Dentica Dental Clinic Bogotá - Dental Anxiety Specialists
  Checking site 869/4331: Natural Smile & Dental Care -> 1 email(s)
  Checking site 870/4331: Unidad Odontofacial - Implantes-Ortodoncia-Diseño sonrisa
  Checking site 871/4331: Muebles VIP Bogotá Colombia Diseño y Fabricación -> 1 email(s)
  Checking site 872/4331: Smile Dental Center
  Checking site 873/4331: Maria Marin Dentist - English Speaking Dentist
  Checking site 874/4331: Smile Dental Spa - Odontología 24 horas en Bogotá
  Checking site 875/4331: Diseño de sonrisa / Dental Experience / Blanqueamiento dental/ implantes Dentales -> 1 email(s)
  Checking site 876/4331: Estación Dental -> 1 email(s)
  Checking site 877/4331: Dientes y Sonrisa -> 1 email(s)
  Checking site 878/4331: Odontología Integral DENTISMAI
  Checking site 879/4331: Doctora Veronica Diseño de Sonrisa en Bogotá Carillas de Porcelana Implantes Dentales Ortodoncia Invisalign -> 2 email(s)
  Checking site 880/4331: Dr. Ivan Lindo Specialist Center -> 1 email(s)
  Checking site 881/4331: 14-85 Dental Spa | Sede Salitre - Implantes dentales, Ortodoncia - Invisalign, Diseño de sonrisa
  Checking site 882/4331: Top Dentist | Odontología Elite Especializada -> 2 email(s)
  Checking site 883/4331: Dra. Luz Orozco - Dentista Bogotá
  Checking site 884/4331: Zenit Dental Studio - Diseño de Sonrisa en Bogota -> 1 email(s)
  Checking site 885/4331: La Clínica Dental (Country)
  Checking site 886/4331: Salud Bucal Familiar clínica odontológica en Bogotá
  Checking site 887/4331: Cuident Odontologia
  Checking site 888/4331: Odontología 24/7 - Urgencias odontológicas Bogotá
  Checking site 889/4331: GLOSS DENT Bogotá – Odontología Estética
  Checking site 890/4331: Odontología en Bogotá l Aclaramiento dental l Ortodoncia en Bogotá l Ortodoncia l limpieza dental l Clinica Dentu
  Checking site 891/4331: Dentalove odontología biológica
  Checking site 892/4331: MyDentist. Ortodoncia Invisible & Diseño de sonrisa
  Checking site 893/4331: Odontología en Bogotá l Ortodoncia l Ortodoncia invisible l Dentist l Smile design l Doctor Granados
  Checking site 894/4331: Dentistry La Felicidad
  Checking site 895/4331: Glow Dental Center -> 1 email(s)
  Checking site 896/4331: Dental Studio by Viviana Navarro
  Checking site 897/4331: Dra. Verónica Forero Odontólogo en Bogotá
  Checking site 898/4331: odontología dentals solutions - Implantes Dentales (Sede Villas de Granada)
  Checking site 899/4331: Luxol Dental Clinic
  Checking site 900/4331: ARC Dentistry -> 2 email(s)
  Checking site 901/4331: Odontología Los Andes
  Checking site 902/4331: La Dentistería Clínica de Especialistas -> 1 email(s)
  Checking site 903/4331: Arte Oral -> 1 email(s)
  Checking site 904/4331: Qualident Alta Tecnología Dental -> 1 email(s)
  Checking site 905/4331: Dental Tourism Colombia (Bogotá)
  Checking site 906/4331: Odontología Especializada Dr. Nelson Gonzalez -> 2 email(s)
  Checking site 907/4331: Blanqueamiento Dental Bogota
  Checking site 908/4331: Stanford Baker & Associates -> 1 email(s)
  Checking site 909/4331: Dentigroup - Odontología -> 1 email(s)
  Checking site 910/4331: Tus Abogados y Contadores
  Checking site 911/4331: FIRMA LEGAL JURIDICO
  Checking site 912/4331: Colombia Legal Corporation
  Checking site 913/4331: Law Connection Group-Colombia -> 1 email(s)
  Checking site 914/4331: World Legal Corporation -> 1 email(s)
  Checking site 915/4331: Abogados en Bogotá - THEMIS -> 2 email(s)
  Checking site 916/4331: Alcozer Law Firm Bogotá
  Checking site 917/4331: Cifuentes Abogados Asociados -> 1 email(s)
  Checking site 918/4331: Legal Statum Attorneys -> 2 email(s)
  Checking site 919/4331: Legalia | Firma de Abogados
  Checking site 920/4331: Affirma Legal
  Checking site 921/4331: firma de abogados - Legal Help Abogados -> 1 email(s)
  Checking site 922/4331: Posse Herrera Ruiz -> 1 email(s)
  Checking site 923/4331: Rodríguez, Rincón, Ugeh Abogados | Migración y Asesoría Legal Internacional -> 1 email(s)
  Checking site 924/4331: ABOGADOS CUADRO LEGAL // LAWYERS BOGOTA
  Checking site 925/4331: Consultorio Juridico Gratis Bogota -> 1 email(s)
  Checking site 926/4331: MGLegal Immigration & Law -> 1 email(s)
  Checking site 927/4331: Holland & Knight LLP -> 5 email(s)
  Checking site 928/4331: Barra de Abogados Colombia -> 7 email(s)
  Checking site 929/4331: Matiz Abogados
  Checking site 930/4331: LegalEvo
  Checking site 931/4331: Gómez-Pinzón Abogados
  Checking site 932/4331: OlarteMoure
  Checking site 933/4331: DE LA ESPRIELLA LAWYERS - Bogotá
  Checking site 934/4331: Dentons Cardenas & Cardenas -> 1 email(s)
  Checking site 935/4331: Organización Jurídica Prada Lawyers - Abogado en Bogotá
  Checking site 936/4331: Baker McKenzie
  Checking site 937/4331: ICEDA Soluciones Jurídicas, Bufete de Litigantes y Asesores -> 3 email(s)
  Checking site 938/4331: Asesoría Penal 24/7 - Mejor Firma de Abogados Penalistas Bogotá
  Checking site 939/4331: Seneor Lawyers Abogados Colombia -> 1 email(s)
  Checking site 940/4331: Lopez y Lopez Abogados -> 1 email(s)
  Checking site 941/4331: Abogados Especialistas Pravice -> 1 email(s)
  Checking site 942/4331: López & Asociados -> 1 email(s)
  Checking site 943/4331: Posner Law Abogados Colombia
  Checking site 944/4331: Kuro Interiores -> 1 email(s)
  Checking site 945/4331: Dela Design
  Checking site 946/4331: Buriticá Abogados. -> 1 email(s)
  Checking site 947/4331: Legal Strategy -> 2 email(s)
  Checking site 948/4331: Lima Loft -> 1 email(s)
  Checking site 949/4331: Diseñadores de Interiores en Lima | Wylarq Studio -> 1 email(s)
  Checking site 950/4331: Lucia Palomino Design
  Checking site 951/4331: MTZ Interior Design
  Checking site 952/4331: INDOVIBE INTERIOR DESIGNER -> 2 email(s)
  Checking site 953/4331: Luroshi Studio | Diseño de Interiores en Lima
  Checking site 954/4331: Mandara Interiors Design Studio
  Checking site 955/4331: Monica Rivera. Diseñadora
  Checking site 956/4331: LC Atelier SAC
  Checking site 957/4331: LUMINA DESIGN
  Checking site 958/4331: DECOR AMAZONAS -> 1 email(s)
  Checking site 959/4331: Arquitectos en Lima
  Checking site 960/4331: Camila Zúñiga Studio
  Checking site 961/4331: QR DECOR
  Checking site 962/4331: TSG Arquitectos Design
  Checking site 963/4331: Katherine caceres - Arquitectura Interior
  Checking site 964/4331: Oniria Arquitectura -> 1 email(s)
  Checking site 965/4331: Eussen Design
  Checking site 966/4331: Sawubona Diseño Interior
  Checking site 967/4331: Diseño interiores - Asesoría ️
  Checking site 968/4331: DISPLAY LIMA PERU, DISPLAY PUBLICITARIO LIMA PERU - IDEA CREATIVA DISPLAY -> 1 email(s)
  Checking site 969/4331: ATELIER LIMA arquitectos -> 1 email(s)
  Checking site 970/4331: Onza | Agencia de marketing digital en Lima -> 4 email(s)
  Checking site 971/4331: Pure Smiles - Lima
  Checking site 972/4331: Whole Health Dentistry -> 1 email(s)
  Checking site 973/4331: Lima Community Dental
  Checking site 974/4331: Burns Dental Inc. -> 1 email(s)
  Checking site 975/4331: Aspen Dental - Lima, OH
  Checking site 976/4331: Golden Rule Dental
  Checking site 977/4331: Affordable Dentures & Implants -> 1 email(s)
  Checking site 978/4331: Affiliated Oral Surgeons
  Checking site 979/4331: Dr. Michael D. Terveer, DDS
  Checking site 980/4331: Dan G. Wilker DDS & Will M. Buettner DDS
  Checking site 981/4331: Stocker Jon C DDS -> 1 email(s)
  Checking site 982/4331: Orthodontic Associates - Lima, OH
  Checking site 983/4331: Smiles Peru -> 2 email(s)
  Checking site 984/4331: Shawnee Family Dental
  Checking site 985/4331: Infinity - Center For Esthetic Dentistry
  Checking site 986/4331: North Pointe Dental Care
  Checking site 987/4331: Mundoral Odontólogos Dentista San Borja
  Checking site 988/4331: Peru Dental -> 1 email(s)
  Checking site 989/4331: Clinica Dental Alemana
  Checking site 990/4331: Dental Protect - Odontología Especializada
  Checking site 991/4331: Clínica Dental Prosmile Miraflores -> 1 email(s)
  Checking site 992/4331: Summit Dental Group - North Fort Wayne
  Checking site 993/4331: The dental clinic & GT Concept Asociados -> 1 email(s)
  Checking site 994/4331: Dentista Miraflores - Implantes - Ortodoncia - Protesis - Endodoncia - Dental Always Smile
  Checking site 995/4331: Lima Dental -> 1 email(s)
  Checking site 996/4331: V & C Odontologists | Dentists in Lima -> 1 email(s)
  Checking site 997/4331: Sonrisa Segura La Molina
  Checking site 998/4331: La Gran Sonrisa - Dental
  Checking site 999/4331: Health Partners of Western Ohio
  Checking site 1000/4331: Dental Healthy Smile Surco
  Checking site 1001/4331: Dental North Lima
  Checking site 1002/4331: Consultorio Dental Smiley
  Checking site 1003/4331: Children's Smiles Dental Care
  Checking site 1004/4331: Estudio MAMANI -> 1 email(s)
  Checking site 1005/4331: Consultorio Odontológico Jesús María
  Checking site 1006/4331: M&E Abogados -> 1 email(s)
  Checking site 1007/4331: Muñiz, Ramirez, Perez -Taiman & Olaya Abogados
  Checking site 1008/4331: PONTE GOODWIN ABOGADOS -> 1 email(s)
  Checking site 1009/4331: Estudio Juridico Nexa -> 2 email(s)
  Checking site 1010/4331: Rodrigo, Elias & Medrano
  Checking site 1011/4331: Miranda & Amado
  Checking site 1012/4331: Estudio David Torres Barreto Abogados, Penalista, Comercial, Civil, DTB, Lima
  Checking site 1013/4331: Estudio Olaechea -> 2 email(s)
  Checking site 1014/4331: Martinot Abogados
  Checking site 1015/4331: Be Lawyer -> 1 email(s)
  Checking site 1016/4331: Law Firm Rubio Leguia Normand
  Checking site 1017/4331: Santiváñez Abogados -> 1 email(s)
  Checking site 1018/4331: Quars Abogados
  Checking site 1019/4331: Garrigues
  Checking site 1020/4331: CMS Grau
  Checking site 1021/4331: Estudio Jurídico en Lima | Estudio Cabieses & Tolentino - Abogados y Consultores
  Checking site 1022/4331: Payet, Rey, Cauvi, Pérez Abogados -> 1 email(s)
  Checking site 1023/4331: SoslegalAbogados -> 1 email(s)
  Checking site 1024/4331: Biz Latin Hub
  Checking site 1025/4331: Corcel Abogados & Asociados | Abogado Inmobiliario en Lima -> 1 email(s)
  Checking site 1026/4331: Estudio Flint Abogados -> 1 email(s)
  Checking site 1027/4331: Abogados de Derecho Internacional Lima Perú -> 2 email(s)
  Checking site 1028/4331: Dra. Luz Maribel López Muñoz - ABOGADAS ASOCIADAS AA -> 1 email(s)
  Checking site 1029/4331: Kennedys -> 1 email(s)
  Checking site 1030/4331: Villena Abogados | Abogado de Familia en Lima -> 1 email(s)
  Checking site 1031/4331: BARLAW - Barrera & Asociados S. Civil de R.L -> 1 email(s)
  Checking site 1032/4331: ESTUDIO JURÍDICO LUCERO GUTIÉRREZ SEDE LIMA NORTE
  Checking site 1033/4331: Abogado en línea
  Checking site 1034/4331: Estudio Jurídico Torre&Suasnabar
  Checking site 1035/4331: Laos, Aguilar, Limas & Asociados -> 2 email(s)
  Checking site 1036/4331: Law firm Romero D '& Asociados
  Checking site 1037/4331: Abogado Laboral Lima
  Checking site 1038/4331: Mujeres Abogadas -> 1 email(s)
  Checking site 1039/4331: Pariona Abogados -> 1 email(s)
  Checking site 1040/4331: El Blog del Decorador
  Checking site 1041/4331: BÖRD Diseño y Arquitectura -> 1 email(s)
  Checking site 1042/4331: Yka Studio -> 2 email(s)
  Checking site 1043/4331: Enrique Concha & Co. -> 9 email(s)
  Checking site 1044/4331: Salas Beteta Abogados -> 3 email(s)
  Checking site 1045/4331: Duomo Interior Design Store Santiago
  Checking site 1046/4331: Abisma Studio
  Checking site 1047/4331: Rute Santiago - Santiago Studio -> 1 email(s)
  Checking site 1048/4331: Studio Barla Interiorismo
  Checking site 1049/4331: Furniture Cecilia Santander
  Checking site 1050/4331: KR ARQUITECTURA INTERIOR SPA
  Checking site 1051/4331: Arquitectura Coste
  Checking site 1052/4331: CERCHA STUDIO -> 2 email(s)
  Checking site 1053/4331: FOCUS A.C (Arquitectura&Construccion)
  Checking site 1054/4331: Practimuebles | Muebles a Medida y Sofás en Santiago
  Checking site 1055/4331: Macarena Monroy Studio
  Checking site 1056/4331: BIMakers -> 1 email(s)
  Checking site 1057/4331: glowcom.studio
  Checking site 1058/4331: Interlac Ltda -> 2 email(s)
  Checking site 1059/4331: Bear Design
  Checking site 1060/4331: Quintana diseños
  Checking site 1061/4331: REVESMAC - VEMACO -> 1 email(s)
  Checking site 1062/4331: Kyadecorhome
  Checking site 1063/4331: CIC -> 2 email(s)
  Checking site 1064/4331: Clínica Beladent -> 1 email(s)
  Checking site 1065/4331: Clínica Dentistas por Chile -> 1 email(s)
  Checking site 1066/4331: IMPORTADORA A Y S
  Checking site 1067/4331: Clínica Dental "Nueva Catedral"
  Checking site 1068/4331: DentoSmile Consulta Dental -> 1 email(s)
  Checking site 1069/4331: Dental Studio |Clínica Dental | Implantes Dentales | Estética Orofacial y Corporal | Odontología General |Ortodoncia
  Checking site 1070/4331: Dental Clinic Miró
  Checking site 1071/4331: ARQUITECTOS - PROJECT OF PRÓCERES - PLANOS DE ARQUITECTURA - REGULARIZACIONES
  Checking site 1072/4331: Clínica Urgencia Dental Eurodent
  Checking site 1073/4331: Centro Dental BeHappy
  Checking site 1074/4331: Clínica Neodent -> 2 email(s)
  Checking site 1075/4331: DentArt - Odontología Boutique
  Checking site 1076/4331: Smile design -> 1 email(s)
  Checking site 1077/4331: Red Odontológica Santiago -> 1 email(s)
  Checking site 1078/4331: Clínica Aires | Clínica Dental en Providencia -> 1 email(s)
  Checking site 1079/4331: Clínica Dental CDENT - Dentista en Santiago
